#
# A fatal error has been detected by the Java Runtime Environment:
#
#  Internal Error (classFileParser.cpp:3375), pid=2660, tid=140496218633984
#  Error: ShouldNotReachHere()
#
# JRE version: 6.0_20-b20
# Java VM: OpenJDK 64-Bit Server VM (19.0-b09 mixed mode linux-amd64 compressed oops)
# Derivative: IcedTea6 1.9.8
# Distribution: Ubuntu 10.04.1 LTS, package 6b20-1.9.8-0ubuntu1~10.04.1
# If you would like to submit a bug report, please include
# instructions how to reproduce the bug and visit:
#   https://bugs.launchpad.net/ubuntu/+source/openjdk-6/
#

---------------  T H R E A D  ---------------

Current thread (0x0000000001fce000):  JavaThread "Unknown thread" [_thread_in_vm, id=2665, stack(0x00007fc7d3243000,0x00007fc7d3344000)]

Stack: [0x00007fc7d3243000,0x00007fc7d3344000],  sp=0x00007fc7d3341fa0,  free space=1019k
Native frames: (J=compiled Java code, j=interpreted, Vv=VM code, C=native code)
V  [libjvm.so+0x72341c]
V  [libjvm.so+0x72363b]
V  [libjvm.so+0x32fc96]
V  [libjvm.so+0x2be033]
V  [libjvm.so+0x2c110e]
V  [libjvm.so+0x6bad3c]
V  [libjvm.so+0x6bb7cf]
V  [libjvm.so+0x6bbc83]
V  [libjvm.so+0x6bbe25]
V  [libjvm.so+0x6bbe99]
V  [libjvm.so+0x6bbfa2]
V  [libjvm.so+0x6fec3f]
V  [libjvm.so+0x6ff634]
V  [libjvm.so+0x3f453a]
V  [libjvm.so+0x6ea0c3]
V  [libjvm.so+0x43b960]
C  [java+0x2ace]  JavaMain+0x7e


---------------  P R O C E S S  ---------------

Java Threads: ( => current thread )

Other Threads:

=>0x0000000001fce000 (exited) JavaThread "Unknown thread" [_thread_in_vm, id=2665, stack(0x00007fc7d3243000,0x00007fc7d3344000)]

VM state:not at safepoint (not fully initialized)

VM Mutex/Monitor currently owned by a thread: None

Dynamic libraries:
00400000-00409000 r-xp 00000000 08:01 788040                             /usr/lib/jvm/java-6-openjdk/jre/bin/java
00608000-00609000 r--p 00008000 08:01 788040                             /usr/lib/jvm/java-6-openjdk/jre/bin/java
00609000-0060a000 rw-p 00009000 08:01 788040                             /usr/lib/jvm/java-6-openjdk/jre/bin/java
01fc5000-0202b000 rw-p 00000000 00:00 0                                  [heap]
cc000000-cca10000 rw-p 00000000 00:00 0 
cca10000-d9e00000 rw-p 00000000 00:00 0 
d9e00000-db240000 rw-p 00000000 00:00 0 
db240000-f5a00000 rw-p 00000000 00:00 0 
f5a00000-f6ec0000 rw-p 00000000 00:00 0 
f6ec0000-100000000 rw-p 00000000 00:00 0 
7fc7cd1c8000-7fc7cd227000 r--s 00492000 08:01 6691916                    /home/kelley/android-sdk-linux_x86/platforms/android-7/android.jar
7fc7cd227000-7fc7cd25a000 rw-p 00000000 00:00 0 
7fc7cd25a000-7fc7cd2a3000 rw-p 00000000 00:00 0 
7fc7cd2a3000-7fc7cd2ae000 rw-p 00000000 00:00 0 
7fc7cd2ae000-7fc7cd382000 rw-p 00000000 00:00 0 
7fc7cd382000-7fc7cd388000 rw-p 00000000 00:00 0 
7fc7cd388000-7fc7cd3f1000 rw-p 00000000 00:00 0 
7fc7cd3f1000-7fc7cd3fc000 rw-p 00000000 00:00 0 
7fc7cd3fc000-7fc7cd4cf000 rw-p 00000000 00:00 0 
7fc7cd4cf000-7fc7cd4da000 rw-p 00000000 00:00 0 
7fc7cd4da000-7fc7cd522000 rw-p 00000000 00:00 0 
7fc7cd522000-7fc7cd523000 rw-p 00000000 00:00 0 
7fc7cd523000-7fc7cd793000 rwxp 00000000 00:00 0 
7fc7cd793000-7fc7d0523000 rw-p 00000000 00:00 0 
7fc7d0523000-7fc7d052a000 r-xp 00000000 08:01 788071                     /usr/lib/jvm/java-6-openjdk/jre/lib/amd64/libzip.so
7fc7d052a000-7fc7d0729000 ---p 00007000 08:01 788071                     /usr/lib/jvm/java-6-openjdk/jre/lib/amd64/libzip.so
7fc7d0729000-7fc7d072a000 r--p 00006000 08:01 788071                     /usr/lib/jvm/java-6-openjdk/jre/lib/amd64/libzip.so
7fc7d072a000-7fc7d072b000 rw-p 00007000 08:01 788071                     /usr/lib/jvm/java-6-openjdk/jre/lib/amd64/libzip.so
7fc7d072b000-7fc7d0737000 r-xp 00000000 08:01 4325402                    /lib/libnss_files-2.11.1.so
7fc7d0737000-7fc7d0936000 ---p 0000c000 08:01 4325402                    /lib/libnss_files-2.11.1.so
7fc7d0936000-7fc7d0937000 r--p 0000b000 08:01 4325402                    /lib/libnss_files-2.11.1.so
7fc7d0937000-7fc7d0938000 rw-p 0000c000 08:01 4325402                    /lib/libnss_files-2.11.1.so
7fc7d0938000-7fc7d0942000 r-xp 00000000 08:01 4325404                    /lib/libnss_nis-2.11.1.so
7fc7d0942000-7fc7d0b41000 ---p 0000a000 08:01 4325404                    /lib/libnss_nis-2.11.1.so
7fc7d0b41000-7fc7d0b42000 r--p 00009000 08:01 4325404                    /lib/libnss_nis-2.11.1.so
7fc7d0b42000-7fc7d0b43000 rw-p 0000a000 08:01 4325404                    /lib/libnss_nis-2.11.1.so
7fc7d0b43000-7fc7d0b4b000 r-xp 00000000 08:01 4325400                    /lib/libnss_compat-2.11.1.so
7fc7d0b4b000-7fc7d0d4a000 ---p 00008000 08:01 4325400                    /lib/libnss_compat-2.11.1.so
7fc7d0d4a000-7fc7d0d4b000 r--p 00007000 08:01 4325400                    /lib/libnss_compat-2.11.1.so
7fc7d0d4b000-7fc7d0d4c000 rw-p 00008000 08:01 4325400                    /lib/libnss_compat-2.11.1.so
7fc7d0d4c000-7fc7d0d54000 r-xp 00000000 08:01 788080                     /usr/lib/jvm/java-6-openjdk/jre/lib/amd64/native_threads/libhpi.so
7fc7d0d54000-7fc7d0f53000 ---p 00008000 08:01 788080                     /usr/lib/jvm/java-6-openjdk/jre/lib/amd64/native_threads/libhpi.so
7fc7d0f53000-7fc7d0f54000 r--p 00007000 08:01 788080                     /usr/lib/jvm/java-6-openjdk/jre/lib/amd64/native_threads/libhpi.so
7fc7d0f54000-7fc7d0f55000 rw-p 00008000 08:01 788080                     /usr/lib/jvm/java-6-openjdk/jre/lib/amd64/native_threads/libhpi.so
7fc7d0f55000-7fc7d0f6c000 r-xp 00000000 08:01 4325399                    /lib/libnsl-2.11.1.so
7fc7d0f6c000-7fc7d116b000 ---p 00017000 08:01 4325399                    /lib/libnsl-2.11.1.so
7fc7d116b000-7fc7d116c000 r--p 00016000 08:01 4325399                    /lib/libnsl-2.11.1.so
7fc7d116c000-7fc7d116d000 rw-p 00017000 08:01 4325399                    /lib/libnsl-2.11.1.so
7fc7d116d000-7fc7d116f000 rw-p 00000000 00:00 0 
7fc7d116f000-7fc7d119c000 r-xp 00000000 08:01 788070                     /usr/lib/jvm/java-6-openjdk/jre/lib/amd64/libjava.so
7fc7d119c000-7fc7d139b000 ---p 0002d000 08:01 788070                     /usr/lib/jvm/java-6-openjdk/jre/lib/amd64/libjava.so
7fc7d139b000-7fc7d139c000 r--p 0002c000 08:01 788070                     /usr/lib/jvm/java-6-openjdk/jre/lib/amd64/libjava.so
7fc7d139c000-7fc7d139f000 rw-p 0002d000 08:01 788070                     /usr/lib/jvm/java-6-openjdk/jre/lib/amd64/libjava.so
7fc7d139f000-7fc7d13ae000 r-xp 00000000 08:01 788056                     /usr/lib/jvm/java-6-openjdk/jre/lib/amd64/libverify.so
7fc7d13ae000-7fc7d15ad000 ---p 0000f000 08:01 788056                     /usr/lib/jvm/java-6-openjdk/jre/lib/amd64/libverify.so
7fc7d15ad000-7fc7d15af000 r--p 0000e000 08:01 788056                     /usr/lib/jvm/java-6-openjdk/jre/lib/amd64/libverify.so
7fc7d15af000-7fc7d15b0000 rw-p 00010000 08:01 788056                     /usr/lib/jvm/java-6-openjdk/jre/lib/amd64/libverify.so
7fc7d15b0000-7fc7d15b7000 r-xp 00000000 08:01 4325409                    /lib/librt-2.11.1.so
7fc7d15b7000-7fc7d17b6000 ---p 00007000 08:01 4325409                    /lib/librt-2.11.1.so
7fc7d17b6000-7fc7d17b7000 r--p 00006000 08:01 4325409                    /lib/librt-2.11.1.so
7fc7d17b7000-7fc7d17b8000 rw-p 00007000 08:01 4325409                    /lib/librt-2.11.1.so
7fc7d17b8000-7fc7d183a000 r-xp 00000000 08:01 4325397                    /lib/libm-2.11.1.so
7fc7d183a000-7fc7d1a39000 ---p 00082000 08:01 4325397                    /lib/libm-2.11.1.so
7fc7d1a39000-7fc7d1a3a000 r--p 00081000 08:01 4325397                    /lib/libm-2.11.1.so
7fc7d1a3a000-7fc7d1a3b000 rw-p 00082000 08:01 4325397                    /lib/libm-2.11.1.so
7fc7d1a3b000-7fc7d22c1000 r-xp 00000000 08:01 788073                     /usr/lib/jvm/java-6-openjdk/jre/lib/amd64/server/libjvm.so
7fc7d22c1000-7fc7d24c0000 ---p 00886000 08:01 788073                     /usr/lib/jvm/java-6-openjdk/jre/lib/amd64/server/libjvm.so
7fc7d24c0000-7fc7d2536000 r--p 00885000 08:01 788073                     /usr/lib/jvm/java-6-openjdk/jre/lib/amd64/server/libjvm.so
7fc7d2536000-7fc7d2551000 rw-p 008fb000 08:01 788073                     /usr/lib/jvm/java-6-openjdk/jre/lib/amd64/server/libjvm.so
7fc7d2551000-7fc7d258a000 rw-p 00000000 00:00 0 
7fc7d258a000-7fc7d2704000 r-xp 00000000 08:01 4325393                    /lib/libc-2.11.1.so
7fc7d2704000-7fc7d2903000 ---p 0017a000 08:01 4325393                    /lib/libc-2.11.1.so
7fc7d2903000-7fc7d2907000 r--p 00179000 08:01 4325393                    /lib/libc-2.11.1.so
7fc7d2907000-7fc7d2908000 rw-p 0017d000 08:01 4325393                    /lib/libc-2.11.1.so
7fc7d2908000-7fc7d290d000 rw-p 00000000 00:00 0 
7fc7d290d000-7fc7d290f000 r-xp 00000000 08:01 4325396                    /lib/libdl-2.11.1.so
7fc7d290f000-7fc7d2b0f000 ---p 00002000 08:01 4325396                    /lib/libdl-2.11.1.so
7fc7d2b0f000-7fc7d2b10000 r--p 00002000 08:01 4325396                    /lib/libdl-2.11.1.so
7fc7d2b10000-7fc7d2b11000 rw-p 00003000 08:01 4325396                    /lib/libdl-2.11.1.so
7fc7d2b11000-7fc7d2b15000 r-xp 00000000 08:01 788054                     /usr/lib/jvm/java-6-openjdk/jre/lib/amd64/jli/libjli.so
7fc7d2b15000-7fc7d2d14000 ---p 00004000 08:01 788054                     /usr/lib/jvm/java-6-openjdk/jre/lib/amd64/jli/libjli.so
7fc7d2d14000-7fc7d2d15000 r--p 00003000 08:01 788054                     /usr/lib/jvm/java-6-openjdk/jre/lib/amd64/jli/libjli.so
7fc7d2d15000-7fc7d2d16000 rw-p 00004000 08:01 788054                     /usr/lib/jvm/java-6-openjdk/jre/lib/amd64/jli/libjli.so
7fc7d2d16000-7fc7d2d2e000 r-xp 00000000 08:01 4325407                    /lib/libpthread-2.11.1.so
7fc7d2d2e000-7fc7d2f2d000 ---p 00018000 08:01 4325407                    /lib/libpthread-2.11.1.so
7fc7d2f2d000-7fc7d2f2e000 r--p 00017000 08:01 4325407                    /lib/libpthread-2.11.1.so
7fc7d2f2e000-7fc7d2f2f000 rw-p 00018000 08:01 4325407                    /lib/libpthread-2.11.1.so
7fc7d2f2f000-7fc7d2f33000 rw-p 00000000 00:00 0 
7fc7d2f33000-7fc7d2f49000 r-xp 00000000 08:01 4325613                    /lib/libz.so.1.2.3.3
7fc7d2f49000-7fc7d3148000 ---p 00016000 08:01 4325613                    /lib/libz.so.1.2.3.3
7fc7d3148000-7fc7d3149000 r--p 00015000 08:01 4325613                    /lib/libz.so.1.2.3.3
7fc7d3149000-7fc7d314a000 rw-p 00016000 08:01 4325613                    /lib/libz.so.1.2.3.3
7fc7d314a000-7fc7d316a000 r-xp 00000000 08:01 4325387                    /lib/ld-2.11.1.so
7fc7d3183000-7fc7d318d000 rw-p 00000000 00:00 0 
7fc7d318d000-7fc7d3243000 rw-p 00000000 00:00 0 
7fc7d3243000-7fc7d3246000 ---p 00000000 00:00 0 
7fc7d3246000-7fc7d3349000 rw-p 00000000 00:00 0 
7fc7d335d000-7fc7d3365000 rw-s 00000000 08:01 5767239                    /tmp/hsperfdata_kelley/2660
7fc7d3365000-7fc7d3366000 rw-p 00000000 00:00 0 
7fc7d3366000-7fc7d3367000 r--p 00000000 00:00 0 
7fc7d3367000-7fc7d3369000 rw-p 00000000 00:00 0 
7fc7d3369000-7fc7d336a000 r--p 0001f000 08:01 4325387                    /lib/ld-2.11.1.so
7fc7d336a000-7fc7d336b000 rw-p 00020000 08:01 4325387                    /lib/ld-2.11.1.so
7fc7d336b000-7fc7d336c000 rw-p 00000000 00:00 0 
7fffbc315000-7fffbc32a000 rw-p 00000000 00:00 0                          [stack]
7fffbc3a5000-7fffbc3a6000 r-xp 00000000 00:00 0                          [vdso]
ffffffffff600000-ffffffffff601000 r-xp 00000000 00:00 0                  [vsyscall]

VM Arguments:
jvm_args: -Dfile.encoding=UTF-8 -Xbootclasspath:/home/kelley/android-sdk-linux_x86/platforms/android-7/android.jar 
java_command: studie.callbydoodle.recognition.Test
Launcher Type: SUN_STANDARD

Environment Variables:
PATH=/usr/local/sbin:/usr/local/bin:/usr/sbin:/usr/bin:/sbin:/bin:/usr/games
USERNAME=kelley
LD_LIBRARY_PATH=/usr/lib/jvm/java-6-openjdk/jre/lib/amd64/server:/usr/lib/jvm/java-6-openjdk/jre/lib/amd64:/usr/lib/jvm/java-6-openjdk/jre/../lib/amd64:/usr/lib/xulrunner-1.9.2.18
SHELL=/bin/bash
DISPLAY=:0.0

Signal Handlers:
SIGSEGV: [libjvm.so+0x724020], sa_mask[0]=0x7ffbfeff, sa_flags=0x10000004
SIGBUS: [libjvm.so+0x724020], sa_mask[0]=0x7ffbfeff, sa_flags=0x10000004
SIGFPE: [libjvm.so+0x5e0850], sa_mask[0]=0x7ffbfeff, sa_flags=0x10000004
SIGPIPE: [libjvm.so+0x5e0850], sa_mask[0]=0x7ffbfeff, sa_flags=0x10000004
SIGXFSZ: [libjvm.so+0x5e0850], sa_mask[0]=0x7ffbfeff, sa_flags=0x10000004
SIGILL: [libjvm.so+0x5e0850], sa_mask[0]=0x7ffbfeff, sa_flags=0x10000004
SIGUSR1: SIG_DFL, sa_mask[0]=0x00000000, sa_flags=0x00000000
SIGUSR2: [libjvm.so+0x5dff60], sa_mask[0]=0x00000004, sa_flags=0x10000004
SIGHUP: SIG_DFL, sa_mask[0]=0x00000000, sa_flags=0x00000000
SIGINT: SIG_DFL, sa_mask[0]=0x00000000, sa_flags=0x00000000
SIGTERM: SIG_DFL, sa_mask[0]=0x00000000, sa_flags=0x00000000
SIGQUIT: SIG_DFL, sa_mask[0]=0x00000000, sa_flags=0x00000000


---------------  S Y S T E M  ---------------

OS:Ubuntu 10.04 (lucid)
uname:Linux 2.6.32-32-generic #62-Ubuntu SMP Wed Apr 20 21:52:38 UTC 2011 x86_64
libc:glibc 2.11.1 NPTL 2.11.1 
rlimit: STACK 8192k, CORE 0k, NPROC infinity, NOFILE 1024, AS infinity
load average:0.51 0.66 0.48

/proc/meminfo:
MemTotal:        1986548 kB
MemFree:          396864 kB
Buffers:           74316 kB
Cached:           587780 kB
SwapCached:            0 kB
Active:           954532 kB
Inactive:         479132 kB
Active(anon):     771964 kB
Inactive(anon):    97188 kB
Active(file):     182568 kB
Inactive(file):   381944 kB
Unevictable:          72 kB
Mlocked:              72 kB
SwapTotal:       2440184 kB
SwapFree:        2440184 kB
Dirty:               248 kB
Writeback:             0 kB
AnonPages:        771732 kB
Mapped:           128356 kB
Shmem:             97572 kB
Slab:              57260 kB
SReclaimable:      33240 kB
SUnreclaim:        24020 kB
KernelStack:        2440 kB
PageTables:        25592 kB
NFS_Unstable:          0 kB
Bounce:                0 kB
WritebackTmp:          0 kB
CommitLimit:     3433456 kB
Committed_AS:    1945456 kB
VmallocTotal:   34359738367 kB
VmallocUsed:      367780 kB
VmallocChunk:   34359350292 kB
HardwareCorrupted:     0 kB
HugePages_Total:       0
HugePages_Free:        0
HugePages_Rsvd:        0
HugePages_Surp:        0
Hugepagesize:       2048 kB
DirectMap4k:        9216 kB
DirectMap2M:     2017280 kB


CPU:total 1 (1 cores per cpu, 1 threads per core) family 6 model 23 stepping 10, cmov, cx8, fxsr, mmx, sse, sse2, sse3, ssse3

Memory: 4k page, physical 1986548k(396864k free), swap 2440184k(2440184k free)

vm_info: OpenJDK 64-Bit Server VM (19.0-b09) for linux-amd64 JRE (1.6.0_20-b20), built on Jun 14 2011 21:29:06 by "buildd" with gcc 4.4.3

time: Sat Jun 25 14:12:16 2011
elapsed time: 0 seconds

